[ 2015-11-20T12:40:59+08:00 ] 127.0.0.1 /index.php/hm.js-f527e46f3cddb2119d45fe31c5deff45
INFO: [ app_init ] --START--
INFO: Run Behavior\BuildLiteBehavior [ RunTime:0.000010s ]
INFO: [ app_init ] --END-- [ RunTime:0.000488s ]
ERR: 无法加载模块:Hm

[ 2015-11-20T12:42:02+08:00 ] 127.0.0.1 /index.php/article.php-GroupId=2&AId=8.htm
INFO: [ app_init ] --START--
INFO: Run Behavior\BuildLiteBehavior [ RunTime:0.000010s ]
INFO: [ app_init ] --END-- [ RunTime:0.000338s ]
ERR: 无法加载模块:Article.php-GroupId=2&AId=8

[ 2015-11-20T12:46:46+08:00 ] 127.0.0.1 /index.php/hm.js-f527e46f3cddb2119d45fe31c5deff45
INFO: [ app_init ] --START--
INFO: Run Behavior\BuildLiteBehavior [ RunTime:0.000014s ]
INFO: [ app_init ] --END-- [ RunTime:0.000448s ]
ERR: 无法加载模块:Hm

[ 2015-11-20T12:52:46+08:00 ] 127.0.0.1 /index.php/hm.js-f527e46f3cddb2119d45fe31c5deff45
INFO: [ app_init ] --START--
INFO: Run Behavior\BuildLiteBehavior [ RunTime:0.000011s ]
INFO: [ app_init ] --END-- [ RunTime:0.000344s ]
ERR: 无法加载模块:Hm

[ 2015-11-20T12:52:51+08:00 ] 127.0.0.1 /index.php/hm.js-f527e46f3cddb2119d45fe31c5deff45
INFO: [ app_init ] --START--
INFO: Run Behavior\BuildLiteBehavior [ RunTime:0.000017s ]
INFO: [ app_init ] --END-- [ RunTime:0.000624s ]
ERR: 无法加载模块:Hm

[ 2015-11-20T12:52:53+08:00 ] 127.0.0.1 /index.php/hm.js-f527e46f3cddb2119d45fe31c5deff45
INFO: [ app_init ] --START--
INFO: Run Behavior\BuildLiteBehavior [ RunTime:0.000018s ]
INFO: [ app_init ] --END-- [ RunTime:0.000520s ]
ERR: 无法加载模块:Hm

[ 2015-11-20T12:54:08+08:00 ] 127.0.0.1 /index.php/hm.js-f527e46f3cddb2119d45fe31c5deff45
INFO: [ app_init ] --START--
INFO: Run Behavior\BuildLiteBehavior [ RunTime:0.000016s ]
INFO: [ app_init ] --END-- [ RunTime:0.000554s ]
ERR: 无法加载模块:Hm

[ 2015-11-20T12:54:52+08:00 ] 127.0.0.1 /index.php/hm.js-f527e46f3cddb2119d45fe31c5deff45
INFO: [ app_init ] --START--
INFO: Run Behavior\BuildLiteBehavior [ RunTime:0.000011s ]
INFO: [ app_init ] --END-- [ RunTime:0.000449s ]
ERR: 无法加载模块:Hm

[ 2015-11-20T12:55:19+08:00 ] 127.0.0.1 /index.php/sitemap.php.htm
INFO: [ app_init ] --START--
INFO: Run Behavior\BuildLiteBehavior [ RunTime:0.000010s ]
INFO: [ app_init ] --END-- [ RunTime:0.000266s ]
ERR: 无法加载模块:Sitemap.php

[ 2015-11-20T13:19:08+08:00 ] 127.0.0.1 /index.php/article.php-GroupId=1&AId=5.htm
INFO: [ app_init ] --START--
INFO: Run Behavior\BuildLiteBehavior [ RunTime:0.000009s ]
INFO: [ app_init ] --END-- [ RunTime:0.000473s ]
ERR: 无法加载模块:Article.php-GroupId=1&AId=5

[ 2015-11-20T13:19:13+08:00 ] 127.0.0.1 /index.php/article.php-GroupId=0&AId=1.htm
INFO: [ app_init ] --START--
INFO: Run Behavior\BuildLiteBehavior [ RunTime:0.000010s ]
INFO: [ app_init ] --END-- [ RunTime:0.000340s ]
ERR: 无法加载模块:Article.php-GroupId=0&AId=1

